@storybook/cli v7.0.0-beta.53

info => Cleaning outputDir: /var/folders/yr/m7wc06cs58lbsz9yljkd589w0000gn/T/chromatic--54448-MoQIpGpX7oN4
info => Loading presets
info => Building manager..
info => Manager built (96 ms)
info => Copying static files: /Users/schoen/Projects/simple-vp/node_modules/@storybook/manager/static at /var/folders/yr/m7wc06cs58lbsz9yljkd589w0000gn/T/chromatic--54448-MoQIpGpX7oN4/sb-common-assets
vite v4.0.4 building for production...

./sb-common-assets/fonts.css doesn't exist at build time, it will remain unchanged to be resolved at runtime
transforming...
Use of eval in "node_modules/telejson/dist/index.mjs" is strongly discouraged as it poses security risks and may cause issues with minification.
Use of eval in "node_modules/telejson/dist/index.mjs" is strongly discouraged as it poses security risks and may cause issues with minification.
✓ 3589 modules transformed.
rendering chunks...
computing gzip size...
../../../../var/folders/yr/m7wc06cs58lbsz9yljkd589w0000gn/T/chromatic--54448-MoQIpGpX7oN4/iframe.html                                                                    12.76 kB
../../../../var/folders/yr/m7wc06cs58lbsz9yljkd589w0000gn/T/chromatic--54448-MoQIpGpX7oN4/assets/Synchronizing-a69eee0d.css                                               0.12 kB │ gzip:   0.11 kB
../../../../var/folders/yr/m7wc06cs58lbsz9yljkd589w0000gn/T/chromatic--54448-MoQIpGpX7oN4/assets/ErrorFallback-aecfb552.css                                               5.92 kB │ gzip:   1.40 kB
../../../../var/folders/yr/m7wc06cs58lbsz9yljkd589w0000gn/T/chromatic--54448-MoQIpGpX7oN4/assets/Synchronizing-43844f4b.js                                                0.16 kB │ gzip:   0.17 kB │ map:      0.44 kB
../../../../var/folders/yr/m7wc06cs58lbsz9yljkd589w0000gn/T/chromatic--54448-MoQIpGpX7oN4/assets/preview-b7f5645c.js                                                      0.20 kB │ gzip:   0.20 kB │ map:      0.51 kB
../../../../var/folders/yr/m7wc06cs58lbsz9yljkd589w0000gn/T/chromatic--54448-MoQIpGpX7oN4/assets/index-d475d2ea.js                                                        0.21 kB │ gzip:   0.17 kB │ map:      0.80 kB
../../../../var/folders/yr/m7wc06cs58lbsz9yljkd589w0000gn/T/chromatic--54448-MoQIpGpX7oN4/assets/emotion-use-insertion-effect-with-fallbacks.browser.esm-eaaa54fe.js      0.27 kB │ gzip:   0.22 kB │ map:      1.14 kB
../../../../var/folders/yr/m7wc06cs58lbsz9yljkd589w0000gn/T/chromatic--54448-MoQIpGpX7oN4/assets/index-05b96189.js                                                        0.59 kB │ gzip:   0.38 kB │ map:      3.92 kB
../../../../var/folders/yr/m7wc06cs58lbsz9yljkd589w0000gn/T/chromatic--54448-MoQIpGpX7oN4/assets/chunk-NNAAFZ4U-67fa674f.js                                               0.59 kB │ gzip:   0.39 kB │ map:      2.05 kB
../../../../var/folders/yr/m7wc06cs58lbsz9yljkd589w0000gn/T/chromatic--54448-MoQIpGpX7oN4/assets/client-43335465.js                                                       0.61 kB │ gzip:   0.42 kB │ map:      0.96 kB
../../../../var/folders/yr/m7wc06cs58lbsz9yljkd589w0000gn/T/chromatic--54448-MoQIpGpX7oN4/assets/assertThisInitialized-23f34acf.js                                        0.66 kB │ gzip:   0.39 kB │ map:      2.51 kB
../../../../var/folders/yr/m7wc06cs58lbsz9yljkd589w0000gn/T/chromatic--54448-MoQIpGpX7oN4/assets/WithTooltip-5WWCYCAA-b78753bf.js                                         0.73 kB │ gzip:   0.42 kB │ map:      0.11 kB
../../../../var/folders/yr/m7wc06cs58lbsz9yljkd589w0000gn/T/chromatic--54448-MoQIpGpX7oN4/assets/syntaxhighlighter-QTQ2UBB4-ec57bd5e.js                                   0.75 kB │ gzip:   0.45 kB │ map:      0.12 kB
../../../../var/folders/yr/m7wc06cs58lbsz9yljkd589w0000gn/T/chromatic--54448-MoQIpGpX7oN4/assets/_commonjsHelpers-042e6b4d.js                                             0.78 kB │ gzip:   0.44 kB │ map:      0.11 kB
../../../../var/folders/yr/m7wc06cs58lbsz9yljkd589w0000gn/T/chromatic--54448-MoQIpGpX7oN4/assets/index-4d501b15.js                                                        0.80 kB │ gzip:   0.52 kB │ map:      4.05 kB
../../../../var/folders/yr/m7wc06cs58lbsz9yljkd589w0000gn/T/chromatic--54448-MoQIpGpX7oN4/assets/index-356e4a49.js                                                        0.81 kB │ gzip:   0.51 kB │ map:      3.23 kB
../../../../var/folders/yr/m7wc06cs58lbsz9yljkd589w0000gn/T/chromatic--54448-MoQIpGpX7oN4/assets/preview-0826c569.js                                                      0.82 kB │ gzip:   0.56 kB │ map:      4.20 kB
../../../../var/folders/yr/m7wc06cs58lbsz9yljkd589w0000gn/T/chromatic--54448-MoQIpGpX7oN4/assets/preview-a1e285ec.js                                                      0.94 kB │ gzip:   0.60 kB │ map:      2.89 kB
../../../../var/folders/yr/m7wc06cs58lbsz9yljkd589w0000gn/T/chromatic--54448-MoQIpGpX7oN4/assets/preview-1cb490b8.js                                                      0.98 kB │ gzip:   0.60 kB │ map:      1.24 kB
../../../../var/folders/yr/m7wc06cs58lbsz9yljkd589w0000gn/T/chromatic--54448-MoQIpGpX7oN4/assets/isSymbol-381e85fc.js                                                     0.99 kB │ gzip:   0.56 kB │ map:      8.01 kB
../../../../var/folders/yr/m7wc06cs58lbsz9yljkd589w0000gn/T/chromatic--54448-MoQIpGpX7oN4/assets/debounce-b7943e1f.js                                                     1.62 kB │ gzip:   0.89 kB │ map:     13.37 kB
../../../../var/folders/yr/m7wc06cs58lbsz9yljkd589w0000gn/T/chromatic--54448-MoQIpGpX7oN4/assets/preview-f658c89a.js                                                      2.38 kB │ gzip:   1.27 kB │ map:     10.20 kB
../../../../var/folders/yr/m7wc06cs58lbsz9yljkd589w0000gn/T/chromatic--54448-MoQIpGpX7oN4/assets/Environment.stories-0be2efc6.js                                          2.59 kB │ gzip:   1.24 kB │ map:      5.41 kB
../../../../var/folders/yr/m7wc06cs58lbsz9yljkd589w0000gn/T/chromatic--54448-MoQIpGpX7oN4/assets/External.stories-072dfb50.js                                             2.96 kB │ gzip:   1.28 kB │ map:      8.07 kB
../../../../var/folders/yr/m7wc06cs58lbsz9yljkd589w0000gn/T/chromatic--54448-MoQIpGpX7oN4/assets/preview-f96f0111.js                                                      3.29 kB │ gzip:   1.41 kB │ map:     10.08 kB
../../../../var/folders/yr/m7wc06cs58lbsz9yljkd589w0000gn/T/chromatic--54448-MoQIpGpX7oN4/assets/Embedded.stories-65a46b7e.js                                             4.10 kB │ gzip:   1.77 kB │ map:      8.89 kB
../../../../var/folders/yr/m7wc06cs58lbsz9yljkd589w0000gn/T/chromatic--54448-MoQIpGpX7oN4/assets/SOBORO.stories-125a6205.js                                               6.54 kB │ gzip:   2.00 kB │ map:     20.04 kB
../../../../var/folders/yr/m7wc06cs58lbsz9yljkd589w0000gn/T/chromatic--54448-MoQIpGpX7oN4/assets/index-f1f749bf.js                                                        7.25 kB │ gzip:   2.96 kB │ map:     15.67 kB
../../../../var/folders/yr/m7wc06cs58lbsz9yljkd589w0000gn/T/chromatic--54448-MoQIpGpX7oN4/assets/basicStarter-b87e25d9.js                                                 7.35 kB │ gzip:   2.32 kB │ map:     22.36 kB
../../../../var/folders/yr/m7wc06cs58lbsz9yljkd589w0000gn/T/chromatic--54448-MoQIpGpX7oN4/assets/iframe-c05458be.js                                                       7.47 kB │ gzip:   1.93 kB │ map:      5.51 kB
../../../../var/folders/yr/m7wc06cs58lbsz9yljkd589w0000gn/T/chromatic--54448-MoQIpGpX7oN4/assets/Connections.stories-2cab22e1.js                                          7.53 kB │ gzip:   2.76 kB │ map:     23.71 kB
../../../../var/folders/yr/m7wc06cs58lbsz9yljkd589w0000gn/T/chromatic--54448-MoQIpGpX7oN4/assets/preview-62235626.js                                                      7.69 kB │ gzip:   1.60 kB │ map:     13.67 kB
../../../../var/folders/yr/m7wc06cs58lbsz9yljkd589w0000gn/T/chromatic--54448-MoQIpGpX7oN4/assets/preview-e6f1f377.js                                                      7.97 kB │ gzip:   3.03 kB │ map:     28.16 kB
../../../../var/folders/yr/m7wc06cs58lbsz9yljkd589w0000gn/T/chromatic--54448-MoQIpGpX7oN4/assets/Stress.stories-1bae53cd.js                                               7.97 kB │ gzip:   2.40 kB │ map:     22.61 kB
../../../../var/folders/yr/m7wc06cs58lbsz9yljkd589w0000gn/T/chromatic--54448-MoQIpGpX7oN4/assets/_baseToString-9764da62.js                                                9.66 kB │ gzip:   3.97 kB │ map:     67.36 kB
../../../../var/folders/yr/m7wc06cs58lbsz9yljkd589w0000gn/T/chromatic--54448-MoQIpGpX7oN4/assets/GlobalScrollAreaStyles-XIHNDKUY-bc378452.js                             10.33 kB │ gzip:   2.32 kB │ map:     15.68 kB
../../../../var/folders/yr/m7wc06cs58lbsz9yljkd589w0000gn/T/chromatic--54448-MoQIpGpX7oN4/assets/preview-05785d3f.js                                                     21.08 kB │ gzip:   7.00 kB │ map:     68.03 kB
../../../../var/folders/yr/m7wc06cs58lbsz9yljkd589w0000gn/T/chromatic--54448-MoQIpGpX7oN4/assets/Color-3YIJY6X7-e0cff037.js                                              29.75 kB │ gzip:  11.15 kB │ map:     99.24 kB
../../../../var/folders/yr/m7wc06cs58lbsz9yljkd589w0000gn/T/chromatic--54448-MoQIpGpX7oN4/assets/OverlayScrollbars-VAV6LJAB-cb87fc53.js                                  58.81 kB │ gzip:  25.22 kB │ map:    277.65 kB
../../../../var/folders/yr/m7wc06cs58lbsz9yljkd589w0000gn/T/chromatic--54448-MoQIpGpX7oN4/assets/_getPrototype-f914eb84.js                                               67.89 kB │ gzip:  19.49 kB │ map:    247.87 kB
../../../../var/folders/yr/m7wc06cs58lbsz9yljkd589w0000gn/T/chromatic--54448-MoQIpGpX7oN4/assets/index-dc04064e.js                                                       72.67 kB │ gzip:  26.73 kB │ map:    189.09 kB
../../../../var/folders/yr/m7wc06cs58lbsz9yljkd589w0000gn/T/chromatic--54448-MoQIpGpX7oN4/assets/index-96c5f47c.js                                                      134.19 kB │ gzip:  43.27 kB │ map:    328.71 kB
../../../../var/folders/yr/m7wc06cs58lbsz9yljkd589w0000gn/T/chromatic--54448-MoQIpGpX7oN4/assets/config-e7581708.js                                                     214.24 kB │ gzip:  66.68 kB │ map:    802.39 kB
../../../../var/folders/yr/m7wc06cs58lbsz9yljkd589w0000gn/T/chromatic--54448-MoQIpGpX7oN4/assets/DocsRenderer-YXZUQ4YX-46d2e7b9.js                                      429.04 kB │ gzip: 139.10 kB │ map:  1,242.01 kB
../../../../var/folders/yr/m7wc06cs58lbsz9yljkd589w0000gn/T/chromatic--54448-MoQIpGpX7oN4/assets/formatter-MGIGMU7Y-0b7ea65f.js                                         601.52 kB │ gzip: 185.04 kB │ map:  1,318.13 kB
../../../../var/folders/yr/m7wc06cs58lbsz9yljkd589w0000gn/T/chromatic--54448-MoQIpGpX7oN4/assets/ErrorFallback-1abf3c76.js                                            1,569.88 kB │ gzip: 520.14 kB │ map:  6,349.46 kB
../../../../var/folders/yr/m7wc06cs58lbsz9yljkd589w0000gn/T/chromatic--54448-MoQIpGpX7oN4/assets/CoFrame.stories-4f8e7372.js                                          3,375.62 kB │ gzip: 731.13 kB │ map: 13,696.31 kB

(!) Some chunks are larger than 500 kBs after minification. Consider:
- Using dynamic import() to code-split the application
- Use build.rollupOptions.output.manualChunks to improve chunking: https://rollupjs.org/guide/en/#outputmanualchunks
- Adjust chunk size limit for this warning via build.chunkSizeWarningLimit.
info => Output directory: /var/folders/yr/m7wc06cs58lbsz9yljkd589w0000gn/T/chromatic--54448-MoQIpGpX7oN4
